[2026-04-11 18:36:54] [ERROR] Table error: near "(": syntax error
[2026-04-11 18:36:54] [ERROR] Table error: near "(": syntax error
[2026-04-11 18:36:54] [ERROR] Table error: near "(": syntax error
[2026-04-11 18:36:54] [ERROR] Table error: near "(": syntax error
[2026-04-11 18:36:54] [ERROR] Table error: near "(": syntax error
[2026-04-11 18:36:54] [ERROR] Table error: near "(": syntax error
[2026-04-11 18:36:54] [ERROR] Table error: near "(": syntax error
[2026-04-11 18:36:54] [ERROR] Table error: near "(": syntax error
[2026-04-11 18:36:54] [ERROR] Table error: near "(": syntax error
[2026-04-11 18:36:54] [ERROR] Table error: near "(": syntax error
[2026-04-11 18:36:54] [ERROR] Table error: near "(": syntax error
[2026-04-11 18:36:54] [ERROR] Table error: near "(": syntax error
[2026-04-11 18:36:54] [ERROR] Table error: near "(": syntax error
[2026-04-11 18:36:54] [ERROR] Table error: near "(": syntax error
[2026-04-11 18:36:54] [ERROR] Table error: near "(": syntax error
2026-04-17 10:54:30: ⚠️ DB all retry 1/3 in 500ms — Connection terminated due to connection timeout
2026-04-17 10:54:30: ⚠️ DB all retry 1/3 in 500ms — Connection terminated due to connection timeout
2026-04-17 10:54:30: ⚠️ DB all retry 1/3 in 500ms — Connection terminated due to connection timeout
2026-04-17 10:54:30: ⚠️ DB all retry 1/3 in 500ms — Connection terminated due to connection timeout
2026-04-17 10:54:30: ⚠️ DB all retry 1/3 in 500ms — Connection terminated due to connection timeout
2026-04-17 10:54:30: ⚠️ DB all retry 1/3 in 500ms — Connection terminated due to connection timeout
2026-04-17 10:54:30: ⚠️ DB all retry 1/3 in 500ms — Connection terminated due to connection timeout
2026-04-17 10:54:30: ⚠️ DB all retry 1/3 in 500ms — Connection terminated due to connection timeout
2026-04-17 10:54:30: ⚠️ DB all retry 1/3 in 500ms — Connection terminated due to connection timeout
2026-04-17 10:54:30: ⚠️ DB all retry 1/3 in 500ms — Connection terminated due to connection timeout
2026-04-17 10:54:30: ⚠️ DB all retry 1/3 in 500ms — Connection terminated due to connection timeout
2026-04-17 10:54:30: ⚠️ DB all retry 1/3 in 500ms — Connection terminated due to connection timeout
2026-04-17 10:54:30: ⚠️ DB all retry 1/3 in 500ms — Connection terminated due to connection timeout
2026-04-17 10:54:31: ⚠️ DB all retry 1/3 in 500ms — timeout exceeded when trying to connect
2026-04-17 10:54:31: ⚠️ DB all retry 1/3 in 500ms — timeout exceeded when trying to connect
2026-04-17 10:54:31: ⚠️ DB all retry 1/3 in 500ms — timeout exceeded when trying to connect
2026-04-17 10:54:31: ⚠️ DB all retry 1/3 in 500ms — timeout exceeded when trying to connect
2026-04-17 10:54:31: ⚠️ DB all retry 1/3 in 500ms — timeout exceeded when trying to connect
2026-04-17 10:54:31: ⚠️ DB all retry 1/3 in 500ms — timeout exceeded when trying to connect
2026-04-17 10:54:31: ⚠️ DB all retry 1/3 in 500ms — timeout exceeded when trying to connect
2026-04-17 10:54:31: ⚠️ DB all retry 1/3 in 500ms — timeout exceeded when trying to connect
2026-04-17 10:54:31: ⚠️ DB all retry 1/3 in 500ms — timeout exceeded when trying to connect
2026-04-17 10:54:31: ⚠️ DB all retry 1/3 in 500ms — timeout exceeded when trying to connect
2026-04-17 10:54:31: ⚠️ DB all retry 1/3 in 500ms — timeout exceeded when trying to connect
2026-04-17 10:54:31: ⚠️ DB all retry 1/3 in 500ms — timeout exceeded when trying to connect
2026-04-17 10:54:31: ⚠️ DB all retry 1/3 in 500ms — timeout exceeded when trying to connect
2026-04-17 10:54:31: ⚠️ DB all retry 1/3 in 500ms — timeout exceeded when trying to connect
2026-04-17 10:54:31: ⚠️ DB all retry 1/3 in 500ms — timeout exceeded when trying to connect
2026-04-17 10:54:31: ⚠️ DB all retry 1/3 in 500ms — timeout exceeded when trying to connect
2026-04-17 10:54:31: ⚠️ DB all retry 1/3 in 500ms — timeout exceeded when trying to connect
2026-04-17 10:54:31: ⚠️ DB all retry 1/3 in 500ms — timeout exceeded when trying to connect
2026-04-17 10:54:31: ⚠️ DB all retry 1/3 in 500ms — timeout exceeded when trying to connect
2026-04-17 10:54:31: ⚠️ DB all retry 1/3 in 500ms — timeout exceeded when trying to connect
2026-04-17 10:54:31: ⚠️ DB all retry 1/3 in 500ms — timeout exceeded when trying to connect
2026-04-17 10:54:31: ⚠️ DB all retry 1/3 in 500ms — timeout exceeded when trying to connect
2026-04-17 10:54:31: ⚠️ DB all retry 1/3 in 500ms — timeout exceeded when trying to connect
2026-04-17 10:54:31: ⚠️ DB all retry 1/3 in 500ms — timeout exceeded when trying to connect
2026-04-17 10:54:31: ⚠️ DB all retry 1/3 in 500ms — timeout exceeded when trying to connect
2026-04-17 10:54:31: ⚠️ DB all retry 1/3 in 500ms — Connection terminated due to connection timeout
2026-04-17 10:54:35: ⚠️ DB all retry 2/3 in 1000ms — timeout exceeded when trying to connect
2026-04-17 10:54:35: ⚠️ DB all retry 2/3 in 1000ms — timeout exceeded when trying to connect
2026-04-17 10:54:36: ⚠️ DB all retry 1/3 in 500ms — timeout exceeded when trying to connect
2026-04-17 10:54:36: ⚠️ DB all retry 2/3 in 1000ms — timeout exceeded when trying to connect
2026-04-17 10:54:36: ⚠️ DB all retry 2/3 in 1000ms — timeout exceeded when trying to connect
2026-04-17 10:54:36: ⚠️ DB all retry 2/3 in 1000ms — timeout exceeded when trying to connect
2026-04-17 10:54:36: ⚠️ DB all retry 2/3 in 1000ms — timeout exceeded when trying to connect
2026-04-17 10:54:36: ⚠️ DB all retry 2/3 in 1000ms — timeout exceeded when trying to connect
2026-04-17 10:54:36: ⚠️ DB all retry 2/3 in 1000ms — timeout exceeded when trying to connect
2026-04-17 10:54:36: ⚠️ DB all retry 2/3 in 1000ms — timeout exceeded when trying to connect
2026-04-17 10:54:36: ⚠️ DB all retry 2/3 in 1000ms — timeout exceeded when trying to connect
2026-04-17 10:54:36: ⚠️ DB all retry 2/3 in 1000ms — timeout exceeded when trying to connect
2026-04-17 10:54:36: ⚠️ DB all retry 2/3 in 1000ms — timeout exceeded when trying to connect
2026-04-17 10:54:36: ⚠️ DB all retry 2/3 in 1000ms — timeout exceeded when trying to connect
[2026-04-17 12:48:52] [ERROR] Table error: Connection terminated due to connection timeout
[2026-04-17 13:42:56] [ERROR] Table error: Connection terminated due to connection timeout
[2026-04-17 13:43:01] [ERROR] Table error: Connection terminated due to connection timeout
[2026-04-17 13:43:06] [ERROR] Table error: Connection terminated due to connection timeout
[2026-04-17 13:43:11] [ERROR] Table error: Connection terminated due to connection timeout
[2026-04-18 07:54:37] [INFO] ✅ Redis ready
[2026-04-18 07:54:37] [INFO] ✅ Redis connected
[2026-04-18 07:54:37] [INFO] ✅ Redis connected
[2026-04-18 07:54:38] [INFO] ✅ Redis connected
[2026-04-18 07:54:39] [INFO] ✅ Redis connected
[2026-04-18 07:55:41] [INFO] ✅ Redis ready
[2026-04-18 07:55:41] [INFO] ✅ Redis connected
