2026-04-09 19:28:12: ✅ Using PostgreSQL
2026-04-09 19:28:26: ✅ DB schema ready
2026-04-09 19:28:26: 🔧 Maintenance mode: false
2026-04-09 19:28:28: ✅ States loaded: 2
2026-04-09 19:28:35: ✅ Cache warmed up: 57 entries
2026-04-09 19:28:49: ✅ Precomputed all browse menus
2026-04-09 19:28:49: ✅ Database ready
2026-04-09 19:28:49: ✅ Express on port 3000
2026-04-09 19:28:49: 🚀 Study Bot v3.2 — FIXED & OPTIMIZED
2026-04-09 19:47:03: ✅ Using PostgreSQL
2026-04-09 19:47:17: ✅ DB schema ready
2026-04-09 19:47:18: 🔧 Maintenance mode: false
2026-04-09 19:47:19: ✅ States loaded: 2
2026-04-09 19:47:26: ✅ Cache warmed up: 57 entries
2026-04-09 19:47:40: ✅ Precomputed all browse menus
2026-04-09 19:47:40: ✅ Database ready
2026-04-09 19:47:40: ✅ Express on port 3000
2026-04-09 19:47:41: 🚀 Study Bot v3.2 — FIXED & OPTIMIZED
2026-04-09 19:57:35: ✅ Using PostgreSQL
2026-04-09 19:57:50: ✅ DB schema ready
2026-04-09 19:57:51: 🔧 Maintenance mode: false
2026-04-09 19:57:52: ✅ States loaded: 2
2026-04-09 19:57:59: ✅ Cache warmed up: 57 entries
2026-04-09 19:58:14: ✅ Precomputed all browse menus
2026-04-09 19:58:14: ✅ Database ready
2026-04-09 19:58:14: ✅ Scheduler started
2026-04-09 19:58:14: ✅ Express on port 3000
2026-04-09 19:58:14: 🚀 Study Bot v3.2 — FIXED & OPTIMIZED
2026-04-09 19:58:43: ✅ Using PostgreSQL
2026-04-09 19:58:58: ✅ DB schema ready
2026-04-09 19:58:58: 🔧 Maintenance mode: false
2026-04-09 19:58:59: ✅ States loaded: 2
2026-04-09 19:59:07: ✅ Cache warmed up: 57 entries
2026-04-09 19:59:21: ✅ Precomputed all browse menus
2026-04-09 19:59:21: ✅ Database ready
2026-04-09 19:59:21: ✅ Scheduler started
2026-04-09 19:59:21: ✅ Express on port 3000
2026-04-09 19:59:21: 🚀 Study Bot v3.2 — FIXED & OPTIMIZED
2026-04-09 20:07:41: ✅ Using PostgreSQL
2026-04-09 20:07:55: ✅ DB schema ready
2026-04-09 20:07:56: 🔧 Maintenance mode: false
2026-04-09 20:07:57: ✅ States loaded: 2
2026-04-09 20:08:04: ✅ Cache warmed up: 57 entries
2026-04-09 20:08:19: ✅ Precomputed all browse menus
2026-04-09 20:08:19: ✅ Database ready
2026-04-09 20:08:19: ✅ Scheduler started
2026-04-09 20:08:19: ✅ Express on port 3000
2026-04-09 20:08:19: 🚀 Study Bot v3.2 — FIXED & OPTIMIZED
2026-04-09 20:15:14: ✅ Using PostgreSQL
2026-04-09 20:15:29: ✅ DB schema ready
2026-04-09 20:15:29: 🔧 Maintenance mode: false
2026-04-09 20:15:30: ✅ States loaded: 2
2026-04-09 20:15:37: ✅ Cache warmed up: 57 entries
2026-04-09 20:15:52: ✅ Precomputed all browse menus
2026-04-09 20:15:52: ✅ Database ready
2026-04-09 20:15:52: ✅ Scheduler started
2026-04-09 20:15:52: ✅ Express on port 3000
2026-04-09 20:15:52: 🚀 Study Bot v3.2 — FIXED & OPTIMIZED
2026-04-10 05:33:52: ✅ Using PostgreSQL
2026-04-10 05:34:06: ✅ DB schema ready
2026-04-10 05:34:06: 🔧 Maintenance mode: false
2026-04-10 05:34:07: ✅ States loaded: 3
2026-04-10 05:34:14: ✅ Cache warmed up: 57 entries
2026-04-10 05:34:27: ✅ Precomputed all browse menus
2026-04-10 05:34:27: ✅ Database ready
2026-04-10 05:34:27: ✅ Scheduler started
2026-04-10 05:34:27: ✅ Express on port 3000
2026-04-10 05:34:27: 🚀 Study Bot v3.2 — FIXED & OPTIMIZED
2026-04-10 05:35:03: ✅ Using PostgreSQL
2026-04-10 05:35:17: ✅ DB schema ready
2026-04-10 05:35:17: 🔧 Maintenance mode: false
2026-04-10 05:35:18: ✅ States loaded: 3
2026-04-10 05:35:25: ✅ Cache warmed up: 57 entries
2026-04-10 05:35:38: ✅ Precomputed all browse menus
2026-04-10 05:35:38: ✅ Database ready
2026-04-10 05:35:38: ✅ Scheduler started
2026-04-10 05:35:38: ✅ Express on port 3000
2026-04-10 05:35:38: 🚀 Study Bot v3.2 — FIXED & OPTIMIZED
2026-04-10 05:41:40: ✅ Using PostgreSQL
2026-04-10 05:41:57: ✅ DB schema ready
2026-04-10 05:41:58: 🔧 Maintenance mode: false
2026-04-10 05:41:59: ✅ States loaded: 3
2026-04-10 05:42:01: ✅ Using PostgreSQL
2026-04-10 05:42:18: ✅ DB schema ready
2026-04-10 05:42:18: 🔧 Maintenance mode: false
2026-04-10 05:42:20: ✅ States loaded: 3
2026-04-10 05:42:28: ✅ Cache warmed up: 57 entries
2026-04-10 05:42:45: ✅ Precomputed all browse menus
2026-04-10 05:42:45: ✅ Database ready
2026-04-10 05:42:45: ✅ Scheduler started
2026-04-10 05:42:45: ✅ Express on port 3000
2026-04-10 05:42:45: 🚀 Study Bot v3.2 — FIXED & OPTIMIZED
